<?xml version="1.0" encoding="UTF-8"?>
<!-- Generated by org.testng.reporters.JUnitXMLReporter -->
<testsuite ignored="3" hostname="DESKTOP-AMIP7MB" failures="0" tests="3" name="DeletePortfolio" time="3.435" errors="0" timestamp="2021-10-30T21:56:48 EDT">
  <testcase classname="testcase.rediff.Session" name="doLogOut" time="0.0"/>
  <testcase classname="testcase.rediff.Session" name="doLogin" time="3.409"/>
  <testcase classname="testcase.rediff.PortfolioManagment" name="DeletePortfolio" time="0.001"/>
  <testcase classname="BaseTest.BaseTest" name="@AfterTest AfterTest" time="0.0">
    <ignored/>
  </testcase> <!-- @AfterTest AfterTest -->
  <testcase classname="testcase.rediff.PortfolioManagment" name="CreatePortfolio" time="0.0">
    <ignored/>
  </testcase> <!-- CreatePortfolio -->
  <testcase classname="BaseTest.BaseTest" name="@BeforeTest beforetest" time="0.0">
    <ignored/>
  </testcase> <!-- @BeforeTest beforetest -->
</testsuite> <!-- DeletePortfolio -->
