<?xml version="1.0" encoding="UTF-8"?>
<!-- Generated by org.testng.reporters.JUnitXMLReporter -->
<testsuite hostname="DESKTOP-AMIP7MB" ignored="5" name="DeletePortfolio" tests="4" failures="0" timestamp="2021-11-03T00:27:10 EDT" time="50.145" errors="0">
  <testcase name="doLogin" time="10.885" classname="testcase.rediff.Session"/>
  <testcase name="CreatePortfolio" time="17.553" classname="testcase.rediff.PortfolioManagment"/>
  <testcase name="doLogin" time="34.705" classname="testcase.rediff.Session"/>
  <testcase name="DeletePortfolio" time="14.593" classname="testcase.rediff.PortfolioManagment"/>
  <testcase name="SelectPortfolio" time="0.0" classname="testcase.rediff.PortfolioManagment">
    <ignored/>
  </testcase> <!-- SelectPortfolio -->
  <testcase name="@AfterTest AfterTest" time="0.0" classname="BaseTest.BaseTest">
    <ignored/>
  </testcase> <!-- @AfterTest AfterTest -->
  <testcase name="CreatePortfolio" time="0.0" classname="testcase.rediff.PortfolioManagment">
    <ignored/>
  </testcase> <!-- CreatePortfolio -->
  <testcase name="@BeforeTest beforetest" time="0.0" classname="BaseTest.BaseTest">
    <ignored/>
  </testcase> <!-- @BeforeTest beforetest -->
  <testcase name="doLogOut" time="0.0" classname="testcase.rediff.Session">
    <ignored/>
  </testcase> <!-- doLogOut -->
</testsuite> <!-- DeletePortfolio -->
