<?xml version="1.0" encoding="UTF-8"?>
<!-- Generated by org.testng.reporters.JUnitXMLReporter -->
<testsuite ignored="5" hostname="DESKTOP-AMIP7MB" failures="0" tests="2" name="Create Portfolio--Create New PortFolio-pos-It-1" time="24.908" errors="0" timestamp="2021-11-13T01:28:23 EST">
  <testcase classname="testcase.rediff.Session" name="doLogin" time="4.714"/>
  <testcase classname="testcase.rediff.PortfolioManagment" name="CreatePortfolio" time="19.155"/>
  <testcase classname="testcase.rediff.PortfolioManagment" name="SelectPortfolio" time="0.0">
    <ignored/>
  </testcase> <!-- SelectPortfolio -->
  <testcase classname="BaseTest.BaseTest" name="@AfterTest AfterTest" time="0.0">
    <ignored/>
  </testcase> <!-- @AfterTest AfterTest -->
  <testcase classname="testcase.rediff.PortfolioManagment" name="DeletePortfolio" time="0.0">
    <ignored/>
  </testcase> <!-- DeletePortfolio -->
  <testcase classname="BaseTest.BaseTest" name="@BeforeTest beforetest" time="0.0">
    <ignored/>
  </testcase> <!-- @BeforeTest beforetest -->
  <testcase classname="testcase.rediff.Session" name="doLogOut" time="0.0">
    <ignored/>
  </testcase> <!-- doLogOut -->
</testsuite> <!-- Create Portfolio-Create New PortFolio-pos-It-1 -->
