<?xml version="1.0" encoding="UTF-8"?>
<!-- Generated by org.testng.reporters.JUnitXMLReporter -->
<testsuite ignored="5" hostname="DESKTOP-AMIP7MB" failures="1" tests="2" name="Delete Portfolio--Delete Existing PortFolio-It-1" time="19.03" errors="0" timestamp="2021-11-13T01:29:07 EST">
  <testcase classname="testcase.rediff.Session" name="doLogin" time="4.229"/>
  <testcase classname="testcase.rediff.PortfolioManagment" name="DeletePortfolio" time="14.159">
    <failure type="org.openqa.selenium.NoSuchElementException" message="Cannot locate option with text: Portfolio10
For documentation on this error, please visit: https://selenium.dev/exceptions/#no_such_element
Build info: version: &amp;apos;4.0.0-alpha-7&amp;apos;, revision: &amp;apos;de8579b6d5&amp;apos;
System info: host: &amp;apos;DESKTOP-AMIP7MB&amp;apos;, ip: &amp;apos;192.168.1.9&amp;apos;, os.name: &amp;apos;Windows 10&amp;apos;, os.arch: &amp;apos;amd64&amp;apos;, os.version: &amp;apos;10.0&amp;apos;, java.version: &amp;apos;15.0.2&amp;apos;
Driver info: driver.version: unknown">
      <![CDATA[org.openqa.selenium.NoSuchElementException: Cannot locate option with text: Portfolio10
For documentation on this error, please visit: https://selenium.dev/exceptions/#no_such_element
Build info: version: '4.0.0-alpha-7', revision: 'de8579b6d5'
System info: host: 'DESKTOP-AMIP7MB', ip: '192.168.1.9', os.name: 'Windows 10', os.arch: 'amd64', os.version: '10.0', java.version: '15.0.2'
Driver info: driver.version: unknown
at org.openqa.selenium.support.ui.Select.selectByVisibleText(Select.java:151)
at keywords.GenericKeywords.selectPortfolio(GenericKeywords.java:313)
at testcase.rediff.PortfolioManagment.DeletePortfolio(PortfolioManagment.java:37)
at java.base/java.util.ArrayList.forEach(ArrayList.java:1511)
at runner.TestNGRunner.run(TestNGRunner.java:76)
at runner.JSONRunner.main(JSONRunner.java:96)
... Removed 24 stack frames]]>
    </failure>
  </testcase> <!-- DeletePortfolio -->
  <testcase classname="testcase.rediff.PortfolioManagment" name="SelectPortfolio" time="0.0">
    <ignored/>
  </testcase> <!-- SelectPortfolio -->
  <testcase classname="BaseTest.BaseTest" name="@AfterTest AfterTest" time="0.0">
    <ignored/>
  </testcase> <!-- @AfterTest AfterTest -->
  <testcase classname="testcase.rediff.PortfolioManagment" name="CreatePortfolio" time="0.0">
    <ignored/>
  </testcase> <!-- CreatePortfolio -->
  <testcase classname="BaseTest.BaseTest" name="@BeforeTest beforetest" time="0.0">
    <ignored/>
  </testcase> <!-- @BeforeTest beforetest -->
  <testcase classname="testcase.rediff.Session" name="doLogOut" time="0.0">
    <ignored/>
  </testcase> <!-- doLogOut -->
</testsuite> <!-- Delete Portfolio-Delete Existing PortFolio-It-1 -->
