<?xml version="1.0" encoding="UTF-8"?>
<!-- Generated by org.testng.reporters.JUnitXMLReporter -->
<testsuite ignored="8" hostname="DESKTOP-AMIP7MB" failures="0" tests="6" name="Modify Stock - add stock" time="13.87" errors="0" timestamp="2021-11-02T13:44:58 EDT">
  <testcase classname="testcase.rediff.Session" name="doLogin" time="3.78"/>
  <testcase classname="testcase.rediff.PortfolioManagment" name="SelectPortfolio" time="4.086"/>
  <testcase classname="testcase.rediff.StockManagment" name="verifyStockPresence" time="0.316"/>
  <testcase classname="testcase.rediff.StockManagment" name="modifyStock" time="3.22"/>
  <testcase classname="testcase.rediff.StockManagment" name="verifyStockQuantity" time="0.115"/>
  <testcase classname="testcase.rediff.StockManagment" name="verifyTransactionHistory" time="2.293"/>
  <testcase classname="BaseTest.BaseTest" name="@AfterTest AfterTest" time="0.0">
    <ignored/>
  </testcase> <!-- @AfterTest AfterTest -->
  <testcase classname="BaseTest.BaseTest" name="@AfterTest AfterTest" time="0.0">
    <ignored/>
  </testcase> <!-- @AfterTest AfterTest -->
  <testcase classname="testcase.rediff.PortfolioManagment" name="CreatePortfolio" time="0.0">
    <ignored/>
  </testcase> <!-- CreatePortfolio -->
  <testcase classname="testcase.rediff.StockManagment" name="addNewStock" time="0.0">
    <ignored/>
  </testcase> <!-- addNewStock -->
  <testcase classname="testcase.rediff.PortfolioManagment" name="DeletePortfolio" time="0.0">
    <ignored/>
  </testcase> <!-- DeletePortfolio -->
  <testcase classname="BaseTest.BaseTest" name="@BeforeTest beforetest" time="0.0">
    <ignored/>
  </testcase> <!-- @BeforeTest beforetest -->
  <testcase classname="BaseTest.BaseTest" name="@BeforeTest beforetest" time="0.0">
    <ignored/>
  </testcase> <!-- @BeforeTest beforetest -->
  <testcase classname="testcase.rediff.Session" name="doLogOut" time="0.0">
    <ignored/>
  </testcase> <!-- doLogOut -->
</testsuite> <!-- Modify Stock - add stock -->
