<?xml version="1.0" encoding="UTF-8"?>
<!-- Generated by org.testng.reporters.JUnitXMLReporter -->
<testsuite ignored="8" hostname="DESKTOP-AMIP7MB" failures="0" tests="6" name="Modify Stock - sell stock" time="13.719" errors="0" timestamp="2021-11-02T13:44:44 EDT">
  <testcase classname="testcase.rediff.Session" name="doLogin" time="3.769"/>
  <testcase classname="testcase.rediff.PortfolioManagment" name="SelectPortfolio" time="4.063"/>
  <testcase classname="testcase.rediff.StockManagment" name="verifyStockPresence" time="0.284"/>
  <testcase classname="testcase.rediff.StockManagment" name="modifyStock" time="3.17"/>
  <testcase classname="testcase.rediff.StockManagment" name="verifyStockQuantity" time="0.129"/>
  <testcase classname="testcase.rediff.StockManagment" name="verifyTransactionHistory" time="2.234"/>
  <testcase classname="BaseTest.BaseTest" name="@AfterTest AfterTest" time="0.0">
    <ignored/>
  </testcase> <!-- @AfterTest AfterTest -->
  <testcase classname="BaseTest.BaseTest" name="@AfterTest AfterTest" time="0.0">
    <ignored/>
  </testcase> <!-- @AfterTest AfterTest -->
  <testcase classname="testcase.rediff.PortfolioManagment" name="CreatePortfolio" time="0.0">
    <ignored/>
  </testcase> <!-- CreatePortfolio -->
  <testcase classname="testcase.rediff.StockManagment" name="addNewStock" time="0.0">
    <ignored/>
  </testcase> <!-- addNewStock -->
  <testcase classname="testcase.rediff.PortfolioManagment" name="DeletePortfolio" time="0.0">
    <ignored/>
  </testcase> <!-- DeletePortfolio -->
  <testcase classname="BaseTest.BaseTest" name="@BeforeTest beforetest" time="0.0">
    <ignored/>
  </testcase> <!-- @BeforeTest beforetest -->
  <testcase classname="BaseTest.BaseTest" name="@BeforeTest beforetest" time="0.0">
    <ignored/>
  </testcase> <!-- @BeforeTest beforetest -->
  <testcase classname="testcase.rediff.Session" name="doLogOut" time="0.0">
    <ignored/>
  </testcase> <!-- doLogOut -->
</testsuite> <!-- Modify Stock - sell stock -->
