<?xml version="1.0" encoding="UTF-8"?>
<!-- Generated by org.testng.reporters.JUnitXMLReporter -->
<testsuite hostname="DESKTOP-AMIP7MB" ignored="8" name="Modify Stock - add stock" tests="18" failures="0" timestamp="2021-11-03T00:27:36 EDT" time="75.397" errors="0">
  <testcase name="doLogin" time="10.648" classname="testcase.rediff.Session"/>
  <testcase name="SelectPortfolio" time="4.506" classname="testcase.rediff.PortfolioManagment"/>
  <testcase name="addNewStock" time="11.085" classname="testcase.rediff.StockManagment"/>
  <testcase name="verifyStockPresence" time="0.607" classname="testcase.rediff.StockManagment"/>
  <testcase name="verifyStockQuantity" time="0.304" classname="testcase.rediff.StockManagment"/>
  <testcase name="verifyTransactionHistory" time="2.827" classname="testcase.rediff.StockManagment"/>
  <testcase name="doLogin" time="39.793" classname="testcase.rediff.Session"/>
  <testcase name="SelectPortfolio" time="3.641" classname="testcase.rediff.PortfolioManagment"/>
  <testcase name="verifyStockPresence" time="0.464" classname="testcase.rediff.StockManagment"/>
  <testcase name="modifyStock" time="5.536" classname="testcase.rediff.StockManagment"/>
  <testcase name="verifyStockQuantity" time="0.411" classname="testcase.rediff.StockManagment"/>
  <testcase name="verifyTransactionHistory" time="3.062" classname="testcase.rediff.StockManagment"/>
  <testcase name="doLogin" time="59.727" classname="testcase.rediff.Session"/>
  <testcase name="SelectPortfolio" time="4.958" classname="testcase.rediff.PortfolioManagment"/>
  <testcase name="verifyStockPresence" time="0.499" classname="testcase.rediff.StockManagment"/>
  <testcase name="modifyStock" time="6.032" classname="testcase.rediff.StockManagment"/>
  <testcase name="verifyStockQuantity" time="0.562" classname="testcase.rediff.StockManagment"/>
  <testcase name="verifyTransactionHistory" time="2.773" classname="testcase.rediff.StockManagment"/>
  <testcase name="@AfterTest AfterTest" time="0.0" classname="BaseTest.BaseTest">
    <ignored/>
  </testcase> <!-- @AfterTest AfterTest -->
  <testcase name="@AfterTest AfterTest" time="0.0" classname="BaseTest.BaseTest">
    <ignored/>
  </testcase> <!-- @AfterTest AfterTest -->
  <testcase name="CreatePortfolio" time="0.0" classname="testcase.rediff.PortfolioManagment">
    <ignored/>
  </testcase> <!-- CreatePortfolio -->
  <testcase name="addNewStock" time="0.0" classname="testcase.rediff.StockManagment">
    <ignored/>
  </testcase> <!-- addNewStock -->
  <testcase name="DeletePortfolio" time="0.0" classname="testcase.rediff.PortfolioManagment">
    <ignored/>
  </testcase> <!-- DeletePortfolio -->
  <testcase name="@BeforeTest beforetest" time="0.0" classname="BaseTest.BaseTest">
    <ignored/>
  </testcase> <!-- @BeforeTest beforetest -->
  <testcase name="@BeforeTest beforetest" time="0.0" classname="BaseTest.BaseTest">
    <ignored/>
  </testcase> <!-- @BeforeTest beforetest -->
  <testcase name="doLogOut" time="0.0" classname="testcase.rediff.Session">
    <ignored/>
  </testcase> <!-- doLogOut -->
</testsuite> <!-- Modify Stock - add stock -->
