<?xml version="1.0" encoding="UTF-8"?>
<!-- Generated by org.testng.reporters.JUnitXMLReporter -->
<testsuite ignored="10" hostname="DESKTOP-AMIP7MB" failures="0" tests="4" name="Modify Stock--Buy Existing Stock-It-2" time="0.003" errors="0" timestamp="2021-11-13T01:13:10 EST">
  <testcase classname="BaseTest.BaseTest" name="@BeforeTest beforetest" time="0.001">
    <skipped/>
  </testcase> <!-- @BeforeTest beforetest -->
  <testcase classname="BaseTest.BaseTest" name="@AfterTest AfterTest" time="0.001">
    <failure type="java.lang.NullPointerException" message="Cannot invoke &amp;quot;org.openqa.selenium.WebDriver.quit()&amp;quot; because &amp;quot;this.app.driver&amp;quot; is null">
      <![CDATA[java.lang.NullPointerException: Cannot invoke "org.openqa.selenium.WebDriver.quit()" because "this.app.driver" is null
at BaseTest.BaseTest.AfterTest(BaseTest.java:76)
at runner.TestNGRunner.run(TestNGRunner.java:76)
at runner.JSONRunner.main(JSONRunner.java:96)
... Removed 21 stack frames]]>
    </failure>
  </testcase> <!-- @AfterTest AfterTest -->
  <testcase classname="testcase.rediff.Session" name="doLogin" time="0.0">
    <skipped/>
  </testcase> <!-- doLogin -->
  <testcase classname="testcase.rediff.StockManagment" name="modifyStock" time="0.0">
    <skipped/>
  </testcase> <!-- modifyStock -->
  <testcase classname="testcase.rediff.StockManagment" name="verifyStockQuantity" time="0.0">
    <skipped/>
  </testcase> <!-- verifyStockQuantity -->
  <testcase classname="testcase.rediff.StockManagment" name="verifyTransactionHistory" time="0.0">
    <skipped/>
  </testcase> <!-- verifyTransactionHistory -->
  <testcase classname="testcase.rediff.PortfolioManagment" name="SelectPortfolio" time="0.0">
    <ignored/>
  </testcase> <!-- SelectPortfolio -->
  <testcase classname="BaseTest.BaseTest" name="@AfterTest AfterTest" time="0.0">
    <ignored/>
  </testcase> <!-- @AfterTest AfterTest -->
  <testcase classname="BaseTest.BaseTest" name="@AfterTest AfterTest" time="0.0">
    <ignored/>
  </testcase> <!-- @AfterTest AfterTest -->
  <testcase classname="testcase.rediff.PortfolioManagment" name="CreatePortfolio" time="0.0">
    <ignored/>
  </testcase> <!-- CreatePortfolio -->
  <testcase classname="testcase.rediff.StockManagment" name="addNewStock" time="0.0">
    <ignored/>
  </testcase> <!-- addNewStock -->
  <testcase classname="testcase.rediff.PortfolioManagment" name="DeletePortfolio" time="0.0">
    <ignored/>
  </testcase> <!-- DeletePortfolio -->
  <testcase classname="testcase.rediff.StockManagment" name="verifyStockPresence" time="0.0">
    <ignored/>
  </testcase> <!-- verifyStockPresence -->
  <testcase classname="BaseTest.BaseTest" name="@BeforeTest beforetest" time="0.0">
    <ignored/>
  </testcase> <!-- @BeforeTest beforetest -->
  <testcase classname="BaseTest.BaseTest" name="@BeforeTest beforetest" time="0.0">
    <ignored/>
  </testcase> <!-- @BeforeTest beforetest -->
  <testcase classname="testcase.rediff.Session" name="doLogOut" time="0.0">
    <ignored/>
  </testcase> <!-- doLogOut -->
</testsuite> <!-- Modify Stock-Buy Existing Stock-It-2 -->
