<?xml version="1.0" encoding="UTF-8"?>
<!-- Generated by org.testng.reporters.JUnitXMLReporter -->
<testsuite ignored="10" hostname="DESKTOP-AMIP7MB" failures="0" tests="4" name="Modify Stock--Buy Existing Stock-It-1" time="11.772" errors="0" timestamp="2021-11-13T01:13:10 EST">
  <testcase classname="testcase.rediff.Session" name="doLogin" time="3.867"/>
  <testcase classname="testcase.rediff.StockManagment" name="modifyStock" time="4.922"/>
  <testcase classname="testcase.rediff.StockManagment" name="verifyStockQuantity" time="0.086"/>
  <testcase classname="testcase.rediff.StockManagment" name="verifyTransactionHistory" time="2.227"/>
  <testcase classname="testcase.rediff.PortfolioManagment" name="SelectPortfolio" time="0.0">
    <ignored/>
  </testcase> <!-- SelectPortfolio -->
  <testcase classname="BaseTest.BaseTest" name="@AfterTest AfterTest" time="0.0">
    <ignored/>
  </testcase> <!-- @AfterTest AfterTest -->
  <testcase classname="BaseTest.BaseTest" name="@AfterTest AfterTest" time="0.0">
    <ignored/>
  </testcase> <!-- @AfterTest AfterTest -->
  <testcase classname="testcase.rediff.PortfolioManagment" name="CreatePortfolio" time="0.0">
    <ignored/>
  </testcase> <!-- CreatePortfolio -->
  <testcase classname="testcase.rediff.StockManagment" name="addNewStock" time="0.0">
    <ignored/>
  </testcase> <!-- addNewStock -->
  <testcase classname="testcase.rediff.PortfolioManagment" name="DeletePortfolio" time="0.0">
    <ignored/>
  </testcase> <!-- DeletePortfolio -->
  <testcase classname="testcase.rediff.StockManagment" name="verifyStockPresence" time="0.0">
    <ignored/>
  </testcase> <!-- verifyStockPresence -->
  <testcase classname="BaseTest.BaseTest" name="@BeforeTest beforetest" time="0.0">
    <ignored/>
  </testcase> <!-- @BeforeTest beforetest -->
  <testcase classname="BaseTest.BaseTest" name="@BeforeTest beforetest" time="0.0">
    <ignored/>
  </testcase> <!-- @BeforeTest beforetest -->
  <testcase classname="testcase.rediff.Session" name="doLogOut" time="0.0">
    <ignored/>
  </testcase> <!-- doLogOut -->
</testsuite> <!-- Modify Stock-Buy Existing Stock-It-1 -->
