<?xml version="1.0" encoding="UTF-8" ?>
<testsuite tests="22" failures="0" name="TestSuite" time="87.097" errors="0" skipped="0">
  <properties>
[...]
</properties>
  <testcase classname="testcase.rediff.Session" name="doLogin" time="10.648"/>
  <testcase classname="testcase.rediff.Session" name="doLogin" time="0.231"/>
  <testcase classname="testcase.rediff.PortfolioManagment" name="SelectPortfolio" time="4.274"/>
  <testcase classname="testcase.rediff.StockManagment" name="addNewStock" time="11.085"/>
  <testcase classname="testcase.rediff.StockManagment" name="verifyStockPresence" time="0.607"/>
  <testcase classname="testcase.rediff.StockManagment" name="verifyStockQuantity" time="0.306"/>
  <testcase classname="testcase.rediff.PortfolioManagment" name="CreatePortfolio" time="1.276"/>
  <testcase classname="testcase.rediff.StockManagment" name="verifyTransactionHistory" time="2.826"/>
  <testcase classname="testcase.rediff.Session" name="doLogin" time="7.544"/>
  <testcase classname="testcase.rediff.Session" name="doLogin" time="5.086"/>
  <testcase classname="testcase.rediff.PortfolioManagment" name="SelectPortfolio" time="3.641"/>
  <testcase classname="testcase.rediff.StockManagment" name="verifyStockPresence" time="0.463"/>
  <testcase classname="testcase.rediff.PortfolioManagment" name="DeletePortfolio" time="5.4"/>
  <testcase classname="testcase.rediff.StockManagment" name="modifyStock" time="5.536"/>
  <testcase classname="testcase.rediff.StockManagment" name="verifyStockQuantity" time="0.412"/>
  <testcase classname="testcase.rediff.StockManagment" name="verifyTransactionHistory" time="3.061"/>
  <testcase classname="testcase.rediff.Session" name="doLogin" time="9.878"/>
  <testcase classname="testcase.rediff.PortfolioManagment" name="SelectPortfolio" time="4.958"/>
  <testcase classname="testcase.rediff.StockManagment" name="verifyStockPresence" time="0.498"/>
  <testcase classname="testcase.rediff.StockManagment" name="modifyStock" time="6.033"/>
  <testcase classname="testcase.rediff.StockManagment" name="verifyStockQuantity" time="0.562"/>
  <testcase classname="testcase.rediff.StockManagment" name="verifyTransactionHistory" time="2.772"/>
</testsuite>