<?xml version="1.0" encoding="UTF-8"?>
<!-- Generated by org.testng.reporters.JUnitXMLReporter -->
<testsuite ignored="4" hostname="DESKTOP-AMIP7MB" failures="0" tests="2" name="CreatePortfolio" time="22.022" errors="0" timestamp="2021-10-31T13:50:04 EDT">
  <testcase classname="testcase.rediff.Session" name="doLogin" time="4.182"/>
  <testcase classname="testcase.rediff.PortfolioManagment" name="CreatePortfolio" time="17.218"/>
  <testcase classname="BaseTest.BaseTest" name="@AfterTest AfterTest" time="0.0">
    <ignored/>
  </testcase> <!-- @AfterTest AfterTest -->
  <testcase classname="testcase.rediff.PortfolioManagment" name="DeletePortfolio" time="0.0">
    <ignored/>
  </testcase> <!-- DeletePortfolio -->
  <testcase classname="BaseTest.BaseTest" name="@BeforeTest beforetest" time="0.0">
    <ignored/>
  </testcase> <!-- @BeforeTest beforetest -->
  <testcase classname="testcase.rediff.Session" name="doLogOut" time="0.0">
    <ignored/>
  </testcase> <!-- doLogOut -->
</testsuite> <!-- CreatePortfolio -->
